TeamCode/build/intermediates/manifest_merge_blame_file/debug/manifest-merger-blame-debug-report.txt
1<?xml version="1.0" encoding="utf-8"?>
2<!--
3 Note: the actual manifest file used in your APK merges this file with contributions
4
5     from the modules on which your app depends (such as FtcRobotController, etc).
6
7     So it won't ultimately be as empty as it might here appear to be :-)
8-->
9<!-- The package name here determines the package for your R class and your BuildConfig class -->
10<manifest xmlns:android="http://schemas.android.com/apk/res/android"
11    package="com.qualcomm.ftcrobotcontroller"
12    android:versionCode="34"
13    android:versionName="5.2" >
14
15    <uses-sdk
16        android:minSdkVersion="19"
16-->src\main\AndroidManifest.xml
17        android:targetSdkVersion="26" />
17-->src\main\AndroidManifest.xml
18
19    <uses-permission android:name="android.permission.RECEIVE_BOOT_COMPLETED" />
19-->[:FtcRobotController] AndroidManifest.xml:12:5-81
19-->[:FtcRobotController] AndroidManifest.xml:12:22-78
20    <uses-permission
20-->[:RobotCore-release:] AndroidManifest.xml:11:5-13:35
21        android:name="android.permission.ACCESS_WIFI_STATE"
21-->[:RobotCore-release:] AndroidManifest.xml:12:9-60
22        android:required="true" />
22-->[:RobotCore-release:] AndroidManifest.xml:13:9-32
23    <uses-permission
23-->[:RobotCore-release:] AndroidManifest.xml:14:5-16:35
24        android:name="android.permission.CHANGE_WIFI_STATE"
24-->[:RobotCore-release:] AndroidManifest.xml:15:9-60
25        android:required="true" />
25-->[:RobotCore-release:] AndroidManifest.xml:16:9-32
26    <uses-permission android:name="android.permission.BLUETOOTH" />
26-->[:RobotCore-release:] AndroidManifest.xml:17:5-68
26-->[:RobotCore-release:] AndroidManifest.xml:17:22-65
27    <uses-permission
27-->[:RobotCore-release:] AndroidManifest.xml:18:5-20:35
28        android:name="android.permission.ACCESS_NETWORK_STATE"
28-->[:RobotCore-release:] AndroidManifest.xml:19:9-63
29        android:required="true" />
29-->[:RobotCore-release:] AndroidManifest.xml:20:9-32
30    <uses-permission
30-->[:RobotCore-release:] AndroidManifest.xml:21:5-23:35
31        android:name="android.permission.CHANGE_NETWORK_STATE"
31-->[:RobotCore-release:] AndroidManifest.xml:22:9-63
32        android:required="true" />
32-->[:RobotCore-release:] AndroidManifest.xml:23:9-32
33    <uses-permission
33-->[:RobotCore-release:] AndroidManifest.xml:24:5-26:35
34        android:name="android.permission.INTERNET"
34-->[:RobotCore-release:] AndroidManifest.xml:25:9-51
35        android:required="true" /> <!-- Classified as Dangerous Permission in SDK 26 -->
35-->[:RobotCore-release:] AndroidManifest.xml:26:9-32
36    <uses-permission
36-->[:RobotCore-release:] AndroidManifest.xml:29:5-31:35
37        android:name="android.permission.WRITE_EXTERNAL_STORAGE"
37-->[:RobotCore-release:] AndroidManifest.xml:30:9-65
38        android:required="true" /> <!-- Classified as Dangerous Permission in SDK 26 -->
38-->[:RobotCore-release:] AndroidManifest.xml:31:9-32
39    <uses-permission
39-->[:RobotCore-release:] AndroidManifest.xml:33:5-35:35
40        android:name="android.permission.READ_EXTERNAL_STORAGE"
40-->[:RobotCore-release:] AndroidManifest.xml:34:9-64
41        android:required="true" /> <!-- Classified as System Permission in SDK 26 -->
41-->[:RobotCore-release:] AndroidManifest.xml:35:9-32
42    <uses-permission
42-->[:RobotCore-release:] AndroidManifest.xml:38:5-40:35
43        android:name="android.permission.WRITE_SETTINGS"
43-->[:RobotCore-release:] AndroidManifest.xml:39:9-57
44        android:required="true" /> <!-- see AppUtil.setTimeZone() -->
44-->[:RobotCore-release:] AndroidManifest.xml:40:9-32
45    <uses-permission
45-->[:RobotCore-release:] AndroidManifest.xml:43:5-45:35
46        android:name="android.permission.SET_TIME_ZONE"
46-->[:RobotCore-release:] AndroidManifest.xml:44:9-56
47        android:required="true" />
47-->[:RobotCore-release:] AndroidManifest.xml:45:9-32
48    <!--
49  Note: we suspect that this (android.permission.WAKE_LOCK) is no
50  longer needed, but haven't yet found the time necessary to verify
51  that assertion before removing it
52    -->
53    <uses-permission
53-->[:RobotCore-release:] AndroidManifest.xml:52:5-54:35
54        android:name="android.permission.WAKE_LOCK"
54-->[:RobotCore-release:] AndroidManifest.xml:53:9-52
55        android:required="true" />
55-->[:RobotCore-release:] AndroidManifest.xml:54:9-32
56    <uses-permission android:name="android.permission.CAMERA" />
56-->[:RobotCore-release:] AndroidManifest.xml:55:5-65
56-->[:RobotCore-release:] AndroidManifest.xml:55:22-62
57    <uses-permission android:name="android.permission.ACCESS_COARSE_LOCATION" />
57-->[:RobotCore-release:] AndroidManifest.xml:56:5-81
57-->[:RobotCore-release:] AndroidManifest.xml:56:22-78
58    <uses-permission
58-->[:RobotCore-release:] AndroidManifest.xml:57:5-59:35
59        android:name="com.revrobotics.permission.UPDATE_CONTROL_HUB"
59-->[:RobotCore-release:] AndroidManifest.xml:58:9-69
60        android:required="true" />
60-->[:RobotCore-release:] AndroidManifest.xml:59:9-32
61
62    <uses-feature android:name="android.hardware.usb.accessory" />
62-->[:RobotCore-release:] AndroidManifest.xml:61:5-67
62-->[:RobotCore-release:] AndroidManifest.xml:61:19-64
63    <uses-feature android:glEsVersion="0x00020000" />
63-->[:RobotCore-release:] AndroidManifest.xml:62:5-54
63-->[:RobotCore-release:] AndroidManifest.xml:62:19-51
64    <!--
65        NOTE: Any application that requests the CAMERA permission but does not
66        declare any camera features with the <uses-feature> element will be
67        assumed to use all camera features (auto-focus and flash). Thus, the
68        application will not be compatible with devices that do not support
69        all camera features. We use <uses-feature> to declare only the
70        camera features that our application does need. For instance, if you
71        request the CAMERA permission, but you do not need auto-focus or
72        flash, then declare only the android.hardware.camera feature. The
73        other camera features that you do not request will no longer be
74        assumed as required.
75    -->
76    <uses-feature android:name="android.hardware.camera" />
76-->[:RobotCore-release:] AndroidManifest.xml:76:5-60
76-->[:RobotCore-release:] AndroidManifest.xml:76:19-57
77
78    <uses-permission android:name="android.permission.READ_PHONE_STATE" />
79    <uses-permission android:name="android.permission.BLUETOOTH_ADMIN" />
79-->[:Inspection-release:] AndroidManifest.xml:12:5-74
79-->[:Inspection-release:] AndroidManifest.xml:12:22-71
80
81    <application
81-->src\main\AndroidManifest.xml:21:5-19
82        android:name="org.firstinspires.ftc.robotcore.internal.system.RobotApplication"
82-->[:RobotCore-release:] AndroidManifest.xml:78:18-97
83        android:allowBackup="true"
83-->[:FtcRobotController] AndroidManifest.xml:15:9-35
84        android:appComponentFactory="android.support.v4.app.CoreComponentFactory"
84-->[com.android.support:support-compat:28.0.0] AndroidManifest.xml:22:18-91
85        android:debuggable="true"
86        android:icon="@drawable/ic_launcher"
86-->[:FtcRobotController] AndroidManifest.xml:16:9-45
87        android:label="@string/app_name"
87-->[:FtcRobotController] AndroidManifest.xml:17:9-41
88        android:largeHeap="true"
88-->[:FtcRobotController] AndroidManifest.xml:18:9-33
89        android:theme="@style/AppThemeRedRC" > <!-- Indicates to the ControlHubUpdater what the latest version of the Control Hub is that this app supports -->
89-->[:FtcRobotController] AndroidManifest.xml:19:9-45
90        <meta-data
90-->[:FtcRobotController] AndroidManifest.xml:22:9-24:33
91            android:name="org.firstinspires.latestSupportedControlHubVersion"
91-->[:FtcRobotController] AndroidManifest.xml:23:13-78
92            android:value="1" /> <!-- The main robot controller activity -->
92-->[:FtcRobotController] AndroidManifest.xml:24:13-30
93        <activity
93-->[:FtcRobotController] AndroidManifest.xml:27:9-38:20
94            android:name="org.firstinspires.ftc.robotcontroller.internal.PermissionValidatorWrapper"
94-->[:FtcRobotController] AndroidManifest.xml:28:13-101
95            android:configChanges="orientation|screenSize"
95-->[:FtcRobotController] AndroidManifest.xml:29:13-59
96            android:label="@string/app_name"
96-->[:FtcRobotController] AndroidManifest.xml:30:13-45
97            android:launchMode="singleTask"
97-->[:FtcRobotController] AndroidManifest.xml:31:13-44
98            android:screenOrientation="fullUser" >
98-->[:FtcRobotController] AndroidManifest.xml:32:13-49
99            <intent-filter>
99-->[:FtcRobotController] AndroidManifest.xml:33:13-37:29
100                <category android:name="android.intent.category.LAUNCHER" />
100-->[:FtcRobotController] AndroidManifest.xml:34:17-77
100-->[:FtcRobotController] AndroidManifest.xml:34:27-74
101
102                <action android:name="android.intent.action.MAIN" />
102-->[:FtcRobotController] AndroidManifest.xml:36:17-69
102-->[:FtcRobotController] AndroidManifest.xml:36:25-66
103            </intent-filter>
104        </activity>
105        <activity
105-->[:FtcRobotController] AndroidManifest.xml:39:9-57:20
106            android:name="org.firstinspires.ftc.robotcontroller.internal.FtcRobotControllerActivity"
106-->[:FtcRobotController] AndroidManifest.xml:40:13-101
107            android:configChanges="orientation|screenSize"
107-->[:FtcRobotController] AndroidManifest.xml:41:13-59
108            android:label="@string/app_name"
108-->[:FtcRobotController] AndroidManifest.xml:42:13-45
109            android:launchMode="singleTask"
109-->[:FtcRobotController] AndroidManifest.xml:43:13-44
110            android:screenOrientation="fullUser" >
110-->[:FtcRobotController] AndroidManifest.xml:44:13-49
111            <intent-filter>
111-->[:FtcRobotController] AndroidManifest.xml:45:13-47:29
112                <action android:name="android.hardware.usb.action.USB_DEVICE_ATTACHED" />
112-->[:FtcRobotController] AndroidManifest.xml:46:17-90
112-->[:FtcRobotController] AndroidManifest.xml:46:25-87
113            </intent-filter>
114
115            <meta-data
115-->[:FtcRobotController] AndroidManifest.xml:49:13-51:57
116                android:name="android.hardware.usb.action.USB_DEVICE_ATTACHED"
116-->[:FtcRobotController] AndroidManifest.xml:50:17-79
117                android:resource="@xml/device_filter" />
117-->[:FtcRobotController] AndroidManifest.xml:51:17-54
118
119            <!-- org.firstinspires.main.entry indicates that this app is compatible with the Dragonboard Control Hub -->
120            <meta-data
120-->[:FtcRobotController] AndroidManifest.xml:54:13-56:40
121                android:name="org.firstinspires.main.entry"
121-->[:FtcRobotController] AndroidManifest.xml:55:17-60
122                android:value="true" />
122-->[:FtcRobotController] AndroidManifest.xml:56:17-37
123        </activity> <!-- The robot controller service in which most of the robot functionality is managed -->
124        <service
124-->[:FtcRobotController] AndroidManifest.xml:60:9-62:38
125            android:name="com.qualcomm.ftccommon.FtcRobotControllerService"
125-->[:FtcRobotController] AndroidManifest.xml:61:13-76
126            android:enabled="true" /> <!-- Service that keeps desktop folders up to date with respect to actual phone file system contents -->
126-->[:FtcRobotController] AndroidManifest.xml:62:13-35
127        <service
127-->[:RobotCore-release:] AndroidManifest.xml:81:9-83:38
128            android:name="org.firstinspires.ftc.robotcore.internal.files.MediaTransferProtocolMonitorService"
128-->[:RobotCore-release:] AndroidManifest.xml:82:13-110
129            android:enabled="true" />
129-->[:RobotCore-release:] AndroidManifest.xml:83:13-35
130
131        <meta-data
131-->[:RobotCore-release:] AndroidManifest.xml:85:9-87:41
132            android:name="autoStartService.org.firstinspires.ftc.robotcore.internal.files.MediaTransferProtocolMonitorService"
132-->[:RobotCore-release:] AndroidManifest.xml:86:13-127
133            android:value="BOTH|1000" /> <!-- Service that provides build services for OnBotJava -->
133-->[:RobotCore-release:] AndroidManifest.xml:87:13-38
134        <service
134-->[:RobotCore-release:] AndroidManifest.xml:90:9-92:38
135            android:name="org.firstinspires.ftc.onbotjava.OnBotJavaService"
135-->[:RobotCore-release:] AndroidManifest.xml:91:13-76
136            android:enabled="true" />
136-->[:RobotCore-release:] AndroidManifest.xml:92:13-35
137
138        <meta-data
138-->[:RobotCore-release:] AndroidManifest.xml:94:9-96:39
139            android:name="autoStartService.org.firstinspires.ftc.onbotjava.OnBotJavaService"
139-->[:RobotCore-release:] AndroidManifest.xml:95:13-93
140            android:value="RC|2000" />
140-->[:RobotCore-release:] AndroidManifest.xml:96:13-36
141
142        <receiver
142-->[:RobotCore-release:] AndroidManifest.xml:98:9-105:20
143            android:name="org.firstinspires.ftc.robotserver.internal.webserver.controlhubupdater.ChUpdaterCommManager$ChUpdaterBroadcastReceiver"
143-->[:RobotCore-release:] AndroidManifest.xml:99:13-146
144            android:exported="true"
144-->[:RobotCore-release:] AndroidManifest.xml:100:13-36
145            android:permission="android.permission.INSTALL_PACKAGES" >
145-->[:RobotCore-release:] AndroidManifest.xml:101:13-69
146            <intent-filter>
146-->[:RobotCore-release:] AndroidManifest.xml:102:13-104:29
147                <action android:name="com.revrobotics.controlhubupdater.broadcast.RESULT_BROADCAST" />
147-->[:RobotCore-release:] AndroidManifest.xml:103:17-103
147-->[:RobotCore-release:] AndroidManifest.xml:103:25-100
148            </intent-filter>
149        </receiver>
150
151        <activity
151-->[:FtcCommon-release:] AndroidManifest.xml:26:9-30:20
152            android:name="com.qualcomm.ftccommon.FtcRobotControllerSettingsActivity"
152-->[:FtcCommon-release:] AndroidManifest.xml:27:13-85
153            android:exported="true"
153-->[:FtcCommon-release:] AndroidManifest.xml:28:13-36
154            android:label="@string/settings_activity" >
154-->[:FtcCommon-release:] AndroidManifest.xml:29:13-54
155        </activity>
156        <activity
156-->[:FtcCommon-release:] AndroidManifest.xml:31:9-36:20
157            android:name="com.qualcomm.ftccommon.configuration.FtcLoadFileActivity"
157-->[:FtcCommon-release:] AndroidManifest.xml:32:13-84
158            android:configChanges="orientation|screenSize"
158-->[:FtcCommon-release:] AndroidManifest.xml:33:13-59
159            android:exported="true"
159-->[:FtcCommon-release:] AndroidManifest.xml:34:13-36
160            android:label="@string/configure_activity" >
160-->[:FtcCommon-release:] AndroidManifest.xml:35:13-55
161        </activity>
162        <activity
162-->[:FtcCommon-release:] AndroidManifest.xml:37:9-42:20
163            android:name="com.qualcomm.ftccommon.configuration.ConfigureFromTemplateActivity"
163-->[:FtcCommon-release:] AndroidManifest.xml:38:13-94
164            android:configChanges="orientation|screenSize"
164-->[:FtcCommon-release:] AndroidManifest.xml:39:13-59
165            android:exported="true"
165-->[:FtcCommon-release:] AndroidManifest.xml:40:13-36
166            android:label="@string/title_activity_configfromtemplate" >
166-->[:FtcCommon-release:] AndroidManifest.xml:41:13-70
167        </activity>
168        <activity
168-->[:FtcCommon-release:] AndroidManifest.xml:43:9-48:20
169            android:name="com.qualcomm.ftccommon.ViewLogsActivity"
169-->[:FtcCommon-release:] AndroidManifest.xml:44:13-67
170            android:configChanges="orientation|screenSize"
170-->[:FtcCommon-release:] AndroidManifest.xml:45:13-59
171            android:exported="true"
171-->[:FtcCommon-release:] AndroidManifest.xml:46:13-36
172            android:label="@string/view_logs_activity" >
172-->[:FtcCommon-release:] AndroidManifest.xml:47:13-55
173        </activity>
174        <activity
174-->[:FtcCommon-release:] AndroidManifest.xml:49:9-53:20
175            android:name="com.qualcomm.ftccommon.configuration.FtcConfigurationActivity"
175-->[:FtcCommon-release:] AndroidManifest.xml:50:13-89
176            android:configChanges="orientation|screenSize"
176-->[:FtcCommon-release:] AndroidManifest.xml:51:13-59
177            android:label="@string/app_name" >
177-->[:FtcCommon-release:] AndroidManifest.xml:52:13-45
178        </activity>
179        <activity
179-->[:FtcCommon-release:] AndroidManifest.xml:54:9-58:20
180            android:name="com.qualcomm.ftccommon.configuration.FtcNewFileActivity"
180-->[:FtcCommon-release:] AndroidManifest.xml:55:13-83
181            android:configChanges="orientation|screenSize"
181-->[:FtcCommon-release:] AndroidManifest.xml:56:13-59
182            android:label="@string/app_name" >
182-->[:FtcCommon-release:] AndroidManifest.xml:57:13-45
183        </activity>
184        <activity
184-->[:FtcCommon-release:] AndroidManifest.xml:59:9-62:73
185            android:name="com.qualcomm.ftccommon.ConfigWifiDirectActivity"
185-->[:FtcCommon-release:] AndroidManifest.xml:60:13-75
186            android:exported="true"
186-->[:FtcCommon-release:] AndroidManifest.xml:61:13-36
187            android:label="@string/title_activity_config_wifi_direct" />
187-->[:FtcCommon-release:] AndroidManifest.xml:62:13-70
188        <activity
188-->[:FtcCommon-release:] AndroidManifest.xml:63:9-67:20
189            android:name="com.qualcomm.ftccommon.FtcAdvancedRCSettingsActivity"
189-->[:FtcCommon-release:] AndroidManifest.xml:64:13-80
190            android:exported="true"
190-->[:FtcCommon-release:] AndroidManifest.xml:65:13-36
191            android:label="@string/titleAdvancedRCSettings" >
191-->[:FtcCommon-release:] AndroidManifest.xml:66:13-60
192        </activity>
193        <activity
193-->[:FtcCommon-release:] AndroidManifest.xml:68:9-71:20
194            android:name="com.qualcomm.ftccommon.FtcLynxFirmwareUpdateActivity"
194-->[:FtcCommon-release:] AndroidManifest.xml:69:13-80
195            android:exported="true" >
195-->[:FtcCommon-release:] AndroidManifest.xml:70:13-36
196        </activity>
197        <activity
197-->[:FtcCommon-release:] AndroidManifest.xml:72:9-75:20
198            android:name="com.qualcomm.ftccommon.FtcLynxModuleAddressUpdateActivity"
198-->[:FtcCommon-release:] AndroidManifest.xml:73:13-85
199            android:exported="true" >
199-->[:FtcCommon-release:] AndroidManifest.xml:74:13-36
200        </activity>
201        <activity
201-->[:FtcCommon-release:] AndroidManifest.xml:76:9-80:20
202            android:name="com.qualcomm.ftccommon.FtcWifiDirectChannelSelectorActivity"
202-->[:FtcCommon-release:] AndroidManifest.xml:77:13-87
203            android:exported="true"
203-->[:FtcCommon-release:] AndroidManifest.xml:78:13-36
204            android:label="@string/title_activity_wifi_channel_selector" >
204-->[:FtcCommon-release:] AndroidManifest.xml:79:13-73
205        </activity>
206        <activity
206-->[:FtcCommon-release:] AndroidManifest.xml:81:9-85:20
207            android:name="com.qualcomm.ftccommon.FtcWifiDirectRememberedGroupsActivity"
207-->[:FtcCommon-release:] AndroidManifest.xml:82:13-88
208            android:exported="true"
208-->[:FtcCommon-release:] AndroidManifest.xml:83:13-36
209            android:label="@string/title_activity_wifi_remembered_groups_editor" >
209-->[:FtcCommon-release:] AndroidManifest.xml:84:13-81
210        </activity>
211        <activity
211-->[:FtcCommon-release:] AndroidManifest.xml:86:9-89:20
212            android:name="com.qualcomm.ftccommon.AboutActivity"
212-->[:FtcCommon-release:] AndroidManifest.xml:87:13-64
213            android:label="@string/about_activity" >
213-->[:FtcCommon-release:] AndroidManifest.xml:88:13-51
214        </activity>
215        <activity
215-->[:FtcCommon-release:] AndroidManifest.xml:90:9-93:20
216            android:name="com.qualcomm.ftccommon.FtcAboutActivity"
216-->[:FtcCommon-release:] AndroidManifest.xml:91:13-67
217            android:label="@string/ftc_about_activity" >
217-->[:FtcCommon-release:] AndroidManifest.xml:92:13-55
218        </activity>
219        <activity
219-->[:FtcCommon-release:] AndroidManifest.xml:94:9-99:20
220            android:name="com.qualcomm.ftccommon.configuration.EditSwapUsbDevices"
220-->[:FtcCommon-release:] AndroidManifest.xml:95:13-83
221            android:configChanges="orientation|screenSize"
221-->[:FtcCommon-release:] AndroidManifest.xml:96:13-59
222            android:label="@string/edit_swap_devices_activity"
222-->[:FtcCommon-release:] AndroidManifest.xml:97:13-63
223            android:windowSoftInputMode="stateHidden" >
223-->[:FtcCommon-release:] AndroidManifest.xml:98:13-54
224        </activity>
225        <activity
225-->[:FtcCommon-release:] AndroidManifest.xml:100:9-105:20
226            android:name="com.qualcomm.ftccommon.configuration.EditMotorControllerActivity"
226-->[:FtcCommon-release:] AndroidManifest.xml:101:13-92
227            android:configChanges="orientation|screenSize"
227-->[:FtcCommon-release:] AndroidManifest.xml:102:13-59
228            android:label="@string/edit_motor_controller_activity"
228-->[:FtcCommon-release:] AndroidManifest.xml:103:13-67
229            android:windowSoftInputMode="stateHidden" >
229-->[:FtcCommon-release:] AndroidManifest.xml:104:13-54
230        </activity>
231        <activity
231-->[:FtcCommon-release:] AndroidManifest.xml:106:9-111:20
232            android:name="com.qualcomm.ftccommon.configuration.EditLegacyMotorControllerActivity"
232-->[:FtcCommon-release:] AndroidManifest.xml:107:13-98
233            android:configChanges="orientation|screenSize"
233-->[:FtcCommon-release:] AndroidManifest.xml:108:13-59
234            android:label="@string/edit_motor_controller_activity"
234-->[:FtcCommon-release:] AndroidManifest.xml:109:13-67
235            android:windowSoftInputMode="stateHidden" >
235-->[:FtcCommon-release:] AndroidManifest.xml:110:13-54
236        </activity>
237        <activity
237-->[:FtcCommon-release:] AndroidManifest.xml:112:9-117:20
238            android:name="com.qualcomm.ftccommon.configuration.EditMotorListActivity"
238-->[:FtcCommon-release:] AndroidManifest.xml:113:13-86
239            android:configChanges="orientation|screenSize"
239-->[:FtcCommon-release:] AndroidManifest.xml:114:13-59
240            android:label="@string/edit_motor_controller_activity"
240-->[:FtcCommon-release:] AndroidManifest.xml:115:13-67
241            android:windowSoftInputMode="stateHidden" >
241-->[:FtcCommon-release:] AndroidManifest.xml:116:13-54
242        </activity>
243        <activity
243-->[:FtcCommon-release:] AndroidManifest.xml:118:9-123:20
244            android:name="com.qualcomm.ftccommon.configuration.EditServoControllerActivity"
244-->[:FtcCommon-release:] AndroidManifest.xml:119:13-92
245            android:configChanges="orientation|screenSize"
245-->[:FtcCommon-release:] AndroidManifest.xml:120:13-59
246            android:label="@string/edit_servo_controller_activity"
246-->[:FtcCommon-release:] AndroidManifest.xml:121:13-67
247            android:windowSoftInputMode="stateHidden|adjustResize" >
247-->[:FtcCommon-release:] AndroidManifest.xml:122:13-67
248        </activity>
249        <activity
249-->[:FtcCommon-release:] AndroidManifest.xml:124:9-129:20
250            android:name="com.qualcomm.ftccommon.configuration.EditLegacyServoControllerActivity"
250-->[:FtcCommon-release:] AndroidManifest.xml:125:13-98
251            android:configChanges="orientation|screenSize"
251-->[:FtcCommon-release:] AndroidManifest.xml:126:13-59
252            android:label="@string/edit_servo_controller_activity"
252-->[:FtcCommon-release:] AndroidManifest.xml:127:13-67
253            android:windowSoftInputMode="stateHidden|adjustResize" >
253-->[:FtcCommon-release:] AndroidManifest.xml:128:13-67
254        </activity>
255        <activity
255-->[:FtcCommon-release:] AndroidManifest.xml:130:9-135:20
256            android:name="com.qualcomm.ftccommon.configuration.EditServoListActivity"
256-->[:FtcCommon-release:] AndroidManifest.xml:131:13-86
257            android:configChanges="orientation|screenSize"
257-->[:FtcCommon-release:] AndroidManifest.xml:132:13-59
258            android:label="@string/edit_servo_controller_activity"
258-->[:FtcCommon-release:] AndroidManifest.xml:133:13-67
259            android:windowSoftInputMode="stateHidden|adjustResize" >
259-->[:FtcCommon-release:] AndroidManifest.xml:134:13-67
260        </activity>
261        <activity
261-->[:FtcCommon-release:] AndroidManifest.xml:136:9-141:20
262            android:name="com.qualcomm.ftccommon.configuration.EditLegacyModuleControllerActivity"
262-->[:FtcCommon-release:] AndroidManifest.xml:137:13-99
263            android:configChanges="orientation|screenSize"
263-->[:FtcCommon-release:] AndroidManifest.xml:138:13-59
264            android:label="@string/edit_legacy_module_controller_activity"
264-->[:FtcCommon-release:] AndroidManifest.xml:139:13-75
265            android:windowSoftInputMode="stateHidden|adjustResize" >
265-->[:FtcCommon-release:] AndroidManifest.xml:140:13-67
266        </activity>
267        <activity
267-->[:FtcCommon-release:] AndroidManifest.xml:142:9-147:20
268            android:name="com.qualcomm.ftccommon.configuration.EditMatrixControllerActivity"
268-->[:FtcCommon-release:] AndroidManifest.xml:143:13-93
269            android:configChanges="orientation|screenSize"
269-->[:FtcCommon-release:] AndroidManifest.xml:144:13-59
270            android:label="@string/edit_matrix_controller_activity"
270-->[:FtcCommon-release:] AndroidManifest.xml:145:13-68
271            android:windowSoftInputMode="stateHidden|adjustResize" >
271-->[:FtcCommon-release:] AndroidManifest.xml:146:13-67
272        </activity>
273        <activity
273-->[:FtcCommon-release:] AndroidManifest.xml:148:9-153:20
274            android:name="com.qualcomm.ftccommon.configuration.EditDeviceInterfaceModuleActivity"
274-->[:FtcCommon-release:] AndroidManifest.xml:149:13-98
275            android:configChanges="orientation|screenSize"
275-->[:FtcCommon-release:] AndroidManifest.xml:150:13-59
276            android:label="@string/edit_core_device_interface_module_controller_activity"
276-->[:FtcCommon-release:] AndroidManifest.xml:151:13-90
277            android:windowSoftInputMode="stateHidden|adjustResize" >
277-->[:FtcCommon-release:] AndroidManifest.xml:152:13-67
278        </activity>
279        <activity
279-->[:FtcCommon-release:] AndroidManifest.xml:154:9-159:20
280            android:name="com.qualcomm.ftccommon.configuration.EditLynxModuleActivity"
280-->[:FtcCommon-release:] AndroidManifest.xml:155:13-87
281            android:configChanges="orientation|screenSize"
281-->[:FtcCommon-release:] AndroidManifest.xml:156:13-59
282            android:label="@string/edit_lynx_module_controller_activity"
282-->[:FtcCommon-release:] AndroidManifest.xml:157:13-73
283            android:windowSoftInputMode="stateHidden|adjustResize" >
283-->[:FtcCommon-release:] AndroidManifest.xml:158:13-67
284        </activity>
285        <activity
285-->[:FtcCommon-release:] AndroidManifest.xml:160:9-165:20
286            android:name="com.qualcomm.ftccommon.configuration.EditLynxUsbDeviceActivity"
286-->[:FtcCommon-release:] AndroidManifest.xml:161:13-90
287            android:configChanges="orientation|screenSize"
287-->[:FtcCommon-release:] AndroidManifest.xml:162:13-59
288            android:label="@string/edit_lynx_usb_device_activity"
288-->[:FtcCommon-release:] AndroidManifest.xml:163:13-66
289            android:windowSoftInputMode="stateHidden|adjustResize" >
289-->[:FtcCommon-release:] AndroidManifest.xml:164:13-67
290        </activity>
291        <activity
291-->[:FtcCommon-release:] AndroidManifest.xml:166:9-171:20
292            android:name="com.qualcomm.ftccommon.configuration.EditWebcamActivity"
292-->[:FtcCommon-release:] AndroidManifest.xml:167:13-83
293            android:configChanges="orientation|screenSize"
293-->[:FtcCommon-release:] AndroidManifest.xml:168:13-59
294            android:label="@string/edit_webcam_activity"
294-->[:FtcCommon-release:] AndroidManifest.xml:169:13-57
295            android:windowSoftInputMode="stateHidden|adjustResize" >
295-->[:FtcCommon-release:] AndroidManifest.xml:170:13-67
296        </activity>
297        <activity
297-->[:FtcCommon-release:] AndroidManifest.xml:172:9-177:20
298            android:name="com.qualcomm.ftccommon.configuration.EditPWMDevicesActivity"
298-->[:FtcCommon-release:] AndroidManifest.xml:173:13-87
299            android:configChanges="orientation|screenSize"
299-->[:FtcCommon-release:] AndroidManifest.xml:174:13-59
300            android:label="@string/edit_pwm_devices_activity"
300-->[:FtcCommon-release:] AndroidManifest.xml:175:13-62
301            android:windowSoftInputMode="stateHidden|adjustResize" >
301-->[:FtcCommon-release:] AndroidManifest.xml:176:13-67
302        </activity>
303        <activity
303-->[:FtcCommon-release:] AndroidManifest.xml:178:9-183:20
304            android:name="com.qualcomm.ftccommon.configuration.EditAnalogInputDevicesActivity"
304-->[:FtcCommon-release:] AndroidManifest.xml:179:13-95
305            android:configChanges="orientation|screenSize"
305-->[:FtcCommon-release:] AndroidManifest.xml:180:13-59
306            android:label="@string/edit_analog_input_devices_activity"
306-->[:FtcCommon-release:] AndroidManifest.xml:181:13-71
307            android:windowSoftInputMode="stateHidden|adjustResize" >
307-->[:FtcCommon-release:] AndroidManifest.xml:182:13-67
308        </activity>
309        <activity
309-->[:FtcCommon-release:] AndroidManifest.xml:184:9-189:20
310            android:name="com.qualcomm.ftccommon.configuration.EditDigitalDevicesActivity"
310-->[:FtcCommon-release:] AndroidManifest.xml:185:13-91